#
# There is insufficient memory for the Java Runtime Environment to continue.
# Native memory allocation (malloc) failed to allocate 1048576 bytes for AllocateHeap
# Possible reasons:
#   The system is out of physical RAM or swap space
#   In 32 bit mode, the process size limit was hit
# Possible solutions:
#   Reduce memory load on the system
#   Increase physical memory or swap space
#   Check if swap backing store is full
#   Use 64 bit Java on a 64 bit OS
#   Decrease Java heap size (-Xmx/-Xms)
#   Decrease number of Java threads
#   Decrease Java thread stack sizes (-Xss)
#   Set larger code cache with -XX:ReservedCodeCacheSize=
# This output file may be truncated or incomplete.
#
#  Out of Memory Error (memory/allocation.inline.hpp:61), pid=11768, tid=0x00000000000048cc
#
# JRE version:  (8.0_191-b12) (build )
# Java VM: Java HotSpot(TM) 64-Bit Server VM (25.191-b12 mixed mode windows-amd64 compressed oops)
# Failed to write core dump. Minidumps are not enabled by default on client versions of Windows
#

---------------  T H R E A D  ---------------

Current thread (0x0000000002e34800):  JavaThread "Unknown thread" [_thread_in_vm, id=18636, stack(0x0000000002af0000,0x0000000002bf0000)]

Stack: [0x0000000002af0000,0x0000000002bf0000]
[error occurred during error reporting (printing stack bounds), id 0xc0000005]

Native frames: (J=compiled Java code, j=interpreted, Vv=VM code, C=native code)


---------------  P R O C E S S  ---------------

Java Threads: ( => current thread )

Other Threads:

=>0x0000000002e34800 (exited) JavaThread "Unknown thread" [_thread_in_vm, id=18636, stack(0x0000000002af0000,0x0000000002bf0000)]

VM state:not at safepoint (normal execution)

VM Mutex/Monitor currently owned by a thread: None

Heap:
 PSYoungGen      total 76288K, used 1310K [0x000000076af00000, 0x0000000770400000, 0x00000007c0000000)
  eden space 65536K, 2% used [0x000000076af00000,0x000000076b047af0,0x000000076ef00000)
  from space 10752K, 0% used [0x000000076f980000,0x000000076f980000,0x0000000770400000)
  to   space 10752K, 0% used [0x000000076ef00000,0x000000076ef00000,0x000000076f980000)
 ParOldGen       total 175104K, used 0K [0x00000006c0c00000, 0x00000006cb700000, 0x000000076af00000)
  object space 175104K, 0% used [0x00000006c0c00000,0x00000006c0c00000,0x00000006cb700000)
 Metaspace       used 775K, capacity 4480K, committed 4480K, reserved 1056768K
  class space    used 76K, capacity 384K, committed 384K, reserved 1048576K

Card table byte_map: [0x00000000122f0000,0x0000000012af0000] byte_map_base: 0x000000000ecea000

Marking Bits: (ParMarkBitMap*) 0x000000005b9b3e30
 Begin Bits: [0x0000000013a50000, 0x0000000017a20000)
 End Bits:   [0x0000000017a20000, 0x000000001b9f0000)

Polling page: 0x00000000005f0000

CodeCache: size=245760Kb used=327Kb max_used=327Kb free=245432Kb
 bounds [0x0000000002f30000, 0x00000000031a0000, 0x0000000011f30000]
 total_blobs=57 nmethods=0 adapters=38
 compilation: enabled

Compilation events (0 events):
No events

GC Heap History (0 events):
No events

Deoptimization events (0 events):
No events

Classes redefined (0 events):
No events

Internal exceptions (0 events):
No events

Events (10 events):
Event: 0.023 loading class java/lang/Short
Event: 0.023 loading class java/lang/Short done
Event: 0.023 loading class java/lang/Integer
Event: 0.023 loading class java/lang/Integer done
Event: 0.023 loading class java/lang/Long
Event: 0.023 loading class java/lang/Long done
Event: 0.024 loading class java/lang/NullPointerException
Event: 0.024 loading class java/lang/NullPointerException done
Event: 0.024 loading class java/lang/ArithmeticException
Event: 0.024 loading class java/lang/ArithmeticException done


Dynamic libraries:
0x00007ff76aef0000 - 0x00007ff76af27000 	D:\Program Files\Java\jdk1.8.0_191\bin\java.exe
0x00007ff804420000 - 0x00007ff804610000 	C:\WINDOWS\SYSTEM32\ntdll.dll
0x00007ff8037e0000 - 0x00007ff803892000 	C:\WINDOWS\System32\KERNEL32.DLL
0x00007ff8020a0000 - 0x00007ff802343000 	C:\WINDOWS\System32\KERNELBASE.dll
0x00007ff802f10000 - 0x00007ff802fb3000 	C:\WINDOWS\System32\ADVAPI32.dll
0x00007ff803bc0000 - 0x00007ff803c5e000 	C:\WINDOWS\System32\msvcrt.dll
0x00007ff803e10000 - 0x00007ff803ea7000 	C:\WINDOWS\System32\sechost.dll
0x00007ff802de0000 - 0x00007ff802f00000 	C:\WINDOWS\System32\RPCRT4.dll
0x00007ff802fc0000 - 0x00007ff803154000 	C:\WINDOWS\System32\USER32.dll
0x00007ff801ef0000 - 0x00007ff801f11000 	C:\WINDOWS\System32\win32u.dll
0x00007ff803340000 - 0x00007ff803366000 	C:\WINDOWS\System32\GDI32.dll
0x00007ff8015a0000 - 0x00007ff801734000 	C:\WINDOWS\System32\gdi32full.dll
0x00007ff8013b0000 - 0x00007ff80144e000 	C:\WINDOWS\System32\msvcp_win.dll
0x00007ff801fa0000 - 0x00007ff80209a000 	C:\WINDOWS\System32\ucrtbase.dll
0x00007ffff6fa0000 - 0x00007ffff7225000 	C:\WINDOWS\WinSxS\amd64_microsoft.windows.common-controls_6595b64144ccf1df_6.0.18362.657_none_e6c5b579130e3898\COMCTL32.dll
0x00007ff803ef0000 - 0x00007ff804226000 	C:\WINDOWS\System32\combase.dll
0x00007ff801f20000 - 0x00007ff801fa0000 	C:\WINDOWS\System32\bcryptPrimitives.dll
0x00007ff803ec0000 - 0x00007ff803eee000 	C:\WINDOWS\System32\IMM32.DLL
0x000000005ba40000 - 0x000000005bb12000 	D:\Program Files\Java\jdk1.8.0_191\jre\bin\msvcr100.dll
0x000000005b190000 - 0x000000005ba34000 	D:\Program Files\Java\jdk1.8.0_191\jre\bin\server\jvm.dll
0x00007ff803bb0000 - 0x00007ff803bb8000 	C:\WINDOWS\System32\PSAPI.DLL
0x00007ffff5690000 - 0x00007ffff56b4000 	C:\WINDOWS\SYSTEM32\WINMM.dll
0x00007ffff42a0000 - 0x00007ffff42a9000 	C:\WINDOWS\SYSTEM32\WSOCK32.dll
0x00007ffffc9c0000 - 0x00007ffffc9ca000 	C:\WINDOWS\SYSTEM32\VERSION.dll
0x00007ff803950000 - 0x00007ff8039bf000 	C:\WINDOWS\System32\WS2_32.dll
0x00007ffff4ee0000 - 0x00007ffff4f0d000 	C:\WINDOWS\SYSTEM32\WINMMBASE.dll
0x00007ff802480000 - 0x00007ff8024ca000 	C:\WINDOWS\System32\cfgmgr32.dll
0x000000005b180000 - 0x000000005b18f000 	D:\Program Files\Java\jdk1.8.0_191\jre\bin\verify.dll
0x000000005b150000 - 0x000000005b179000 	D:\Program Files\Java\jdk1.8.0_191\jre\bin\java.dll
0x000000005b090000 - 0x000000005b0b3000 	D:\Program Files\Java\jdk1.8.0_191\jre\bin\instrument.dll
0x000000005b130000 - 0x000000005b146000 	D:\Program Files\Java\jdk1.8.0_191\jre\bin\zip.dll

VM Arguments:
jvm_args: -javaagent:D:\Program Files\JetBrains\IntelliJ IDEA 2018.3.5\lib\idea_rt.jar=58169:D:\Program Files\JetBrains\IntelliJ IDEA 2018.3.5\bin -Dfile.encoding=UTF-8 
java_command: current.ThreadLocalDemo
java_class_path (initial): D:\Program Files\Java\jdk1.8.0_191\jre\lib\charsets.jar;D:\Program Files\Java\jdk1.8.0_191\jre\lib\deploy.jar;D:\Program Files\Java\jdk1.8.0_191\jre\lib\ext\access-bridge-64.jar;D:\Program Files\Java\jdk1.8.0_191\jre\lib\ext\cldrdata.jar;D:\Program Files\Java\jdk1.8.0_191\jre\lib\ext\dnsns.jar;D:\Program Files\Java\jdk1.8.0_191\jre\lib\ext\jaccess.jar;D:\Program Files\Java\jdk1.8.0_191\jre\lib\ext\jfxrt.jar;D:\Program Files\Java\jdk1.8.0_191\jre\lib\ext\localedata.jar;D:\Program Files\Java\jdk1.8.0_191\jre\lib\ext\nashorn.jar;D:\Program Files\Java\jdk1.8.0_191\jre\lib\ext\sunec.jar;D:\Program Files\Java\jdk1.8.0_191\jre\lib\ext\sunjce_provider.jar;D:\Program Files\Java\jdk1.8.0_191\jre\lib\ext\sunmscapi.jar;D:\Program Files\Java\jdk1.8.0_191\jre\lib\ext\sunpkcs11.jar;D:\Program Files\Java\jdk1.8.0_191\jre\lib\ext\zipfs.jar;D:\Program Files\Java\jdk1.8.0_191\jre\lib\javaws.jar;D:\Program Files\Java\jdk1.8.0_191\jre\lib\jce.jar;D:\Program Files\Java\jdk1.8.0_191\jre\lib\jfr.jar;D:\Program Files\Java\jdk1.8.0_191\jre\lib\jfxswt.jar;D:\Program Files\Java\jdk1.8.0_191\jre\lib\jsse.jar;D:\Program Files\Java\jdk1.8.0_191\jre\lib\management-agent.jar;D:\Program Files\Java\jdk1.8.0_191\jre\lib\plugin.jar;D:\Program Files\Java\jdk1.8.0_191\jre\lib\resources.jar;D:\Program Files\Java\jdk1.8.0_191\jre\lib\rt.jar;F:\NewStart\target\classes;E:\maven\repository\org\dom4j\dom4j\2.0.0\dom4j-2.0.0.jar;E:\maven\repository\jaxen\jaxen\1.1.6\jaxen-1.1.6.jar;E:\maven\repository\org\springframework\boot\spring-boot-starter-web\1.2.5.RELEASE\spring-boot-starter-web-1.2.5.RELEASE.jar;E:\maven\repository\org\springframework\boot\spring-boot-starter\1.2.5.RELEASE\spring-boot-starter-1.2.5.RELEASE.jar;E:\maven\repository\org\springframework\boot\spring-boot\1.2.5.RELEASE\spring-boot-1.2.5.RELEASE.jar;E:\maven\repository\org\springframework\boot\spring-boot-autoconfigure\1.2.5.RELEASE\spring-boot-autoconfigure-1.2.5.RELEASE.jar;E:\maven\repository\org\springframewor
Launcher Type: SUN_STANDARD

Environment Variables:
JAVA_HOME=D:\Program Files\Java\jdk1.8.0_191
PATH=D:\Program Files (x86)\NetSarang\Xshell 6\;D:\Program Files (x86)\NetSarang\Xftp 6\;C:\Program Files (x86)\Razer Chroma SDK\bin;C:\Program Files\Razer Chroma SDK\bin;C:\Windows\system32;C:\Windows;C:\Windows\System32\Wbem;C:\Windows\System32\WindowsPowerShell\v1.0\;C:\Windows\System32\OpenSSH\;C:\Windows\system32\config\systemprofile\AppData\Local\Microsoft\WindowsApps;C:\Program Files (x86)\NVIDIA Corporation\PhysX\Common;F:\apache-maven-3.6.0\bin;D:\Program Files\Java\jdk1.8.0_191\bin;C:\Program Files\NVIDIA Corporation\NVIDIA NvDLISR;D:\Program Files\Git\cmd;D:\Go\bin;%SystemRoot%\system32;%SystemRoot%;%SystemRoot%\System32\Wbem;%SYSTEMROOT%\System32\WindowsPowerShell\v1.0\;%SYSTEMROOT%\System32\OpenSSH\;D:\python\Scripts\;D:\python\;C:\Users\potato\AppData\Local\Microsoft\WindowsApps;D:\Program Files\bandzip\;D:\Program Files\JetBrains\CLion 2019.1.4\bin;;D:\Program Files\JetBrains\IntelliJ IDEA 2018.3.5\bin;;C:\Users\potato\go\bin;;D:\Programs\Fiddler
USERNAME=potato
OS=Windows_NT
PROCESSOR_IDENTIFIER=AMD64 Family 23 Model 8 Stepping 2, AuthenticAMD



---------------  S Y S T E M  ---------------

OS: Windows 10.0 , 64 bit Build 18362 (10.0.18362.329)

CPU:total 12 (initial active 12) (12 cores per cpu, 1 threads per core) family 23 model 8 stepping 2, cmov, cx8, fxsr, mmx, sse, sse2, sse3, ssse3, sse4.1, sse4.2, popcnt, avx, avx2, aes, clmul, mmxext, 3dnowpref, lzcnt, sse4a, tsc, tscinvbit, tscinv, bmi1

Memory: 4k page, physical 16727200k(6556664k free), swap 31225824k(5532k free)

vm_info: Java HotSpot(TM) 64-Bit Server VM (25.191-b12) for windows-amd64 JRE (1.8.0_191-b12), built on Oct  6 2018 09:29:03 by "java_re" with MS VC++ 10.0 (VS2010)

time: Wed Mar 04 15:30:10 2020
elapsed time: 0 seconds (0d 0h 0m 0s)

